setupcompat/build/intermediates/manifest_merge_blame_file/debug/processDebugManifest/manifest-merger-blame-debug-report.txt
1<?xml version="1.0" encoding="utf-8"?>
2<!--
3    Copyright (C) 2018 The Android Open Source Project
4
5    Licensed under the Apache License, Version 2.0 (the "License");
6    you may not use this file except in compliance with the License.
7    You may obtain a copy of the License at
8
9         http://www.apache.org/licenses/LICENSE-2.0
10
11    Unless required by applicable law or agreed to in writing, software
12    distributed under the License is distributed on an "AS IS" BASIS,
13    WITHOUT WARRANTIES OR CONDITIONS OF ANY KIND, either express or implied.
14    See the License for the specific language governing permissions and
15    limitations under the License.
16-->
17<manifest xmlns:android="http://schemas.android.com/apk/res/android"
18    xmlns:tools="http://schemas.android.com/tools"
19    package="com.google.android.setupcompat" > <!-- Set in the BUILD or gradle file -->
20    <uses-sdk android:minSdkVersion="19" />
20-->src/main/AndroidManifest.xml:21:5-17
21
22    <queries tools:node="merge" >
22-->src/main/AndroidManifest.xml:23:5-28:15
22-->src/main/AndroidManifest.xml:23:14-32
23        <intent>
23-->src/main/AndroidManifest.xml:24:9-26:18
24            <action android:name="com.android.setupwizard.action.PARTNER_CUSTOMIZATION" />
24-->src/main/AndroidManifest.xml:25:13-91
24-->src/main/AndroidManifest.xml:25:21-88
25        </intent>
26
27        <provider android:authorities="com.google.android.setupwizard.partner" />
27-->src/main/AndroidManifest.xml:27:9-82
27-->src/main/AndroidManifest.xml:27:19-79
28    </queries>
29
30</manifest>